开始抓取时间: 2025/4/12 23:46:52
开始检测并点击加载更多按钮...
检查加载更多按钮...
找到加载更多按钮，正在点击...（第1次）按钮文本: "加载更多"
等待滚动完成...
找到按钮，位置: (795, 824.9375), 文本: "加载更多"
已通过鼠标点击按钮
加载更多按钮已点击，等待内容加载...
保存点击后的页面截图...
内容已更新: 20 -> 40 项 (增加了 20 项)
检查加载更多按钮...
找到加载更多按钮，正在点击...（第2次）按钮文本: "加载更多"
等待滚动完成...
找到按钮，位置: (795, 824.875), 文本: "加载更多"
已通过鼠标点击按钮
加载更多按钮已点击，等待内容加载...
保存点击后的页面截图...
内容已更新: 40 -> 60 项 (增加了 20 项)
检查加载更多按钮...
找到加载更多按钮，正在点击...（第3次）按钮文本: "加载更多"
等待滚动完成...
找到按钮，位置: (795, 824.8125), 文本: "加载更多"
已通过鼠标点击按钮
加载更多按钮已点击，等待内容加载...
保存点击后的页面截图...
内容已更新: 60 -> 80 项 (增加了 20 项)
保存第1张完整页面截图...
检查加载更多按钮...
找到加载更多按钮，正在点击...（第4次）按钮文本: "加载更多"
等待滚动完成...
找到按钮，位置: (194, 773.84375), 文本: "加载更多"
已通过鼠标点击按钮
加载更多按钮已点击，等待内容加载...
保存点击后的页面截图...
内容已更新: 80 -> 100 项 (增加了 20 项)
检查加载更多按钮...
找到加载更多按钮，正在点击...（第5次）按钮文本: "加载更多"
等待滚动完成...
找到按钮，位置: (194, 773.75), 文本: "加载更多"
已通过鼠标点击按钮
加载更多按钮已点击，等待内容加载...
保存点击后的页面截图...
内容已更新: 100 -> 120 项 (增加了 20 项)
检查加载更多按钮...
找到加载更多按钮，正在点击...（第6次）按钮文本: "加载更多"
等待滚动完成...
找到按钮，位置: (194, 774.15625), 文本: "加载更多"
已通过鼠标点击按钮
加载更多按钮已点击，等待内容加载...
保存点击后的页面截图...
内容已更新: 120 -> 140 项 (增加了 20 项)
保存第2张完整页面截图...
检查加载更多按钮...
找到加载更多按钮，正在点击...（第7次）按钮文本: "加载更多"
等待滚动完成...
找到按钮，位置: (194, 773.7578125), 文本: "加载更多"
已通过鼠标点击按钮
加载更多按钮已点击，等待内容加载...
保存点击后的页面截图...
内容已更新: 140 -> 160 项 (增加了 20 项)
检查加载更多按钮...
找到加载更多按钮，正在点击...（第8次）按钮文本: "加载更多"
等待滚动完成...
找到按钮，位置: (194, 774.1640625), 文本: "加载更多"
已通过鼠标点击按钮
加载更多按钮已点击，等待内容加载...
保存点击后的页面截图...
内容已更新: 160 -> 163 项 (增加了 3 项)
检查加载更多按钮...
加载更多按钮没有子元素，已加载全部内容
已完成所有内容加载
总共加载了 163 个帖子
结束抓取时间: 2025/4/12 23:48:44
