开始处理帖子详情页: 2025/4/12 23:48:44
准备打开第 1 个帖子: "关于论坛服务器费用均摊的通知 版务 婉如清扬 回复于 2024年7月23日"
帖子链接: /d/166-guan-yu-lun-tan-fu-wu-qi-fei-yong-jun-tan-de-tong-zhi/36
正在创建新标签页...
正在导航到: http://liulangmaobao.xyz/d/166-guan-yu-lun-tan-fu-wu-qi-fei-yong-jun-tan-de-tong-zhi/36
页面初步加载完成，等待额外资源...
正在寻找并点击"Scrubber-first"元素...
已点击"Scrubber-first"元素，等待页面响应...
开始滚动到页面底部...
检测到新资源加载，总计: 28, 新增: 3
滚动后没有新资源加载，计数: 1/3
滚动后没有新资源加载，计数: 2/3
滚动后没有新资源加载，计数: 3/3
页面滚动完成，所有内容已加载
页面标题: 关于论坛服务器费用均摊的通知 - 流浪猫窝
内容加载状态: 找到帖子流 - true, 帖子数量 - 36
资源统计: 总请求 - 28, 加载成功 - 28, 加载失败 - 0
  document: 1个请求
  script: 2个请求
  font: 2个请求
  stylesheet: 2个请求
  image: 19个请求
  xhr: 2个请求
正在检查页面是否完全加载...
帖子标题: 关于论坛服务器费用均摊的通知
帖子总数: 36
作者: 未知
发布时间: 2023年5月25日
内容摘要: 首先谢谢大家一直以来对猫窝的喜爱和支持！
之前也在微博发过通知。就是自从从免费版面迁出后猫窝的域名、服务费以及定期维护更新的费用都是我个人在承担，但最近生活以及计划的变动等等因素下，加上论坛以后如果扩...
包含附件: 是
标签: 
详细信息已保存到: D:\project\reptile\screenshots\post-detail-data.json
正在复制assets目录到帖子目录...
已将帖子内容保存到: D:\project\reptile\posts\关于论坛服务器费用均摊的通知\index.html
帖子详情页处理完成
